Build started 31.12.2012 14:42:42.
     1>Project "C:\Users\mrDIMAS\Desktop\oglshooter\oglshooter.vcxproj" on node 2 (build target(s)).
     1>InitializeBuildStatus:
         Creating "Debug\oglshooter.unsuccessfulbuild" because "AlwaysCreate" was specified.
       ClCompile:
         C:\Program Files (x86)\Microsoft Visual Studio 10.0\VC\bin\CL.exe /c /I"C:\Develop\SDL-devel-1.2.15-VC\SDL-1.2.15\include" /I"C:\Develop\Bullet Physics\src" /ZI /nologo /W3 /WX- /Od /Oy- /D WIN32 /D _DEBUG /D _CONSOLE /D _UNICODE /D UNICODE /Gm /EHsc /RTC1 /MDd /GS /fp:precise /Zc:wchar_t /Zc:forScope /Fo"Debug\\" /Fd"Debug\vc100.pdb" /Gd /TP /analyze- /errorReport:prompt game.cpp
         game.cpp
     1>c:\users\mrdimas\desktop\oglshooter\game.cpp(340): warning C4996: 'fopen': This function or variable may be unsafe. Consider using fopen_s instead. To disable deprecation, use _CRT_SECURE_NO_WARNINGS. See online help for details.
                 c:\program files (x86)\microsoft visual studio 10.0\vc\include\stdio.h(234) : see declaration of 'fopen'
     1>c:\users\mrdimas\desktop\oglshooter\game.cpp(1100): warning C4800: 'uint8_t' : forcing value to bool 'true' or 'false' (performance warning)
     1>c:\users\mrdimas\desktop\oglshooter\game.cpp(1222): warning C4996: 'fopen': This function or variable may be unsafe. Consider using fopen_s instead. To disable deprecation, use _CRT_SECURE_NO_WARNINGS. See online help for details.
                 c:\program files (x86)\microsoft visual studio 10.0\vc\include\stdio.h(234) : see declaration of 'fopen'
     1>c:\users\mrdimas\desktop\oglshooter\game.cpp(1454): warning C4305: 'argument' : truncation from 'double' to 'float'
     1>c:\users\mrdimas\desktop\oglshooter\game.cpp(1504): warning C4305: '=' : truncation from 'double' to 'float'
     1>c:\users\mrdimas\desktop\oglshooter\game.cpp(1506): warning C4305: '=' : truncation from 'double' to 'float'
     1>c:\users\mrdimas\desktop\oglshooter\game.cpp(1508): warning C4305: '=' : truncation from 'double' to 'float'
     1>c:\users\mrdimas\desktop\oglshooter\game.cpp(1510): warning C4305: '=' : truncation from 'double' to 'float'
     1>c:\users\mrdimas\desktop\oglshooter\game.cpp(1515): warning C4244: 'argument' : conversion from 'double' to 'const btScalar', possible loss of data
     1>c:\users\mrdimas\desktop\oglshooter\game.cpp(1516): warning C4244: 'argument' : conversion from 'double' to 'const btScalar', possible loss of data
       ManifestResourceCompile:
         All outputs are up-to-date.
       Link:
         C:\Program Files (x86)\Microsoft Visual Studio 10.0\VC\bin\link.exe /ERRORREPORT:PROMPT /OUT:"C:\Users\mrDIMAS\Desktop\oglshooter\Debug\oglshooter.exe" /INCREMENTAL /NOLOGO /LIBPATH:"C:\Develop\Bullet Physics\lib" /LIBPATH:"C:\Develop\SDL-devel-1.2.15-VC\SDL-1.2.15\lib\x86" kernel32.lib user32.lib gdi32.lib winspool.lib comdlg32.lib advapi32.lib shell32.lib ole32.lib oleaut32.lib uuid.lib odbc32.lib odbccp32.lib /MANIFEST /ManifestFile:"Debug\oglshooter.exe.intermediate.manifest" /MANIFESTUAC:"level='asInvoker' uiAccess='false'" /DEBUG /PDB:"C:\Users\mrDIMAS\Desktop\oglshooter\Debug\oglshooter.pdb" /SUBSYSTEM:CONSOLE /TLBID:1 /DYNAMICBASE /NXCOMPAT /IMPLIB:"C:\Users\mrDIMAS\Desktop\oglshooter\Debug\oglshooter.lib" /MACHINE:X86 Debug\oglshooter.exe.embed.manifest.res
         Debug\game.obj
       Manifest:
         C:\Program Files (x86)\Microsoft SDKs\Windows\v7.0A\bin\mt.exe /nologo /verbose /out:"Debug\oglshooter.exe.embed.manifest" /manifest Debug\oglshooter.exe.intermediate.manifest
         All outputs are up-to-date.
       LinkEmbedManifest:
         All outputs are up-to-date.
         oglshooter.vcxproj -> C:\Users\mrDIMAS\Desktop\oglshooter\Debug\oglshooter.exe
       FinalizeBuildStatus:
         Deleting file "Debug\oglshooter.unsuccessfulbuild".
         Touching "Debug\oglshooter.lastbuildstate".
     1>Done Building Project "C:\Users\mrDIMAS\Desktop\oglshooter\oglshooter.vcxproj" (build target(s)).

Build succeeded.

Time Elapsed 00:00:05.91
