Build started 31.12.2012 12:47:45.
     1>Project "C:\Users\mrDIMAS\Desktop\oglshooter\oglshooter.vcxproj" on node 2 (build target(s)).
     1>InitializeBuildStatus:
         Creating "Release\oglshooter.unsuccessfulbuild" because "AlwaysCreate" was specified.
       ClCompile:
         C:\Program Files (x86)\Microsoft Visual Studio 10.0\VC\bin\CL.exe /c /I"C:\Develop\SDL-devel-1.2.15-VC\SDL-1.2.15\include" /I"C:\Develop\Bullet Physics\src" /Zi /nologo /W3 /WX- /O2 /Oi /Oy- /GL /D WIN32 /D NDEBUG /D _CONSOLE /D _UNICODE /D UNICODE /Gm- /EHsc /MD /GS /Gy /fp:precise /Zc:wchar_t /Zc:forScope /Fo"Release\\" /Fd"Release\vc100.pdb" /Gd /TP /analyze- /errorReport:prompt game.cpp
         game.cpp
     1>game.cpp(340): warning C4996: 'fopen': This function or variable may be unsafe. Consider using fopen_s instead. To disable deprecation, use _CRT_SECURE_NO_WARNINGS. See online help for details.
                 C:\Program Files (x86)\Microsoft Visual Studio 10.0\VC\include\stdio.h(234) : see declaration of 'fopen'
     1>game.cpp(1086): warning C4800: 'uint8_t' : forcing value to bool 'true' or 'false' (performance warning)
     1>game.cpp(1140): warning C4996: 'fopen': This function or variable may be unsafe. Consider using fopen_s instead. To disable deprecation, use _CRT_SECURE_NO_WARNINGS. See online help for details.
                 C:\Program Files (x86)\Microsoft Visual Studio 10.0\VC\include\stdio.h(234) : see declaration of 'fopen'
     1>game.cpp(1357): warning C4305: 'argument' : truncation from 'double' to 'float'
     1>game.cpp(1373): warning C4305: 'argument' : truncation from 'double' to 'const btScalar'
     1>game.cpp(1373): warning C4305: 'argument' : truncation from 'double' to 'const btScalar'
     1>game.cpp(1373): warning C4305: 'argument' : truncation from 'double' to 'const btScalar'
     1>game.cpp(1401): warning C4305: '=' : truncation from 'double' to 'float'
     1>game.cpp(1403): warning C4305: '=' : truncation from 'double' to 'float'
     1>game.cpp(1405): warning C4305: '=' : truncation from 'double' to 'float'
     1>game.cpp(1407): warning C4305: '=' : truncation from 'double' to 'float'
     1>game.cpp(1414): warning C4244: 'argument' : conversion from 'double' to 'const btScalar', possible loss of data
     1>game.cpp(1416): warning C4244: 'argument' : conversion from 'double' to 'const btScalar', possible loss of data
       Link:
         C:\Program Files (x86)\Microsoft Visual Studio 10.0\VC\bin\link.exe /ERRORREPORT:PROMPT /OUT:"C:\Users\mrDIMAS\Desktop\oglshooter\Release\oglshooter.exe" /INCREMENTAL:NO /NOLOGO /LIBPATH:"C:\Develop\Bullet Physics\lib" /LIBPATH:"C:\Develop\SDL-devel-1.2.15-VC\SDL-1.2.15\lib\x86" kernel32.lib user32.lib gdi32.lib winspool.lib comdlg32.lib advapi32.lib shell32.lib ole32.lib oleaut32.lib uuid.lib odbc32.lib odbccp32.lib /MANIFEST /ManifestFile:"Release\oglshooter.exe.intermediate.manifest" /MANIFESTUAC:"level='asInvoker' uiAccess='false'" /DEBUG /PDB:"C:\Users\mrDIMAS\Desktop\oglshooter\Release\oglshooter.pdb" /SUBSYSTEM:CONSOLE /OPT:REF /OPT:ICF /LTCG /TLBID:1 /DYNAMICBASE /NXCOMPAT /IMPLIB:"C:\Users\mrDIMAS\Desktop\oglshooter\Release\oglshooter.lib" /MACHINE:X86 Release\game.obj
     1>LINK : warning LNK4098: defaultlib 'LIBCMT' conflicts with use of other libs; use /NODEFAULTLIB:library
         Generating code
         Finished generating code
         oglshooter.vcxproj -> C:\Users\mrDIMAS\Desktop\oglshooter\Release\oglshooter.exe
       Manifest:
         C:\Program Files (x86)\Microsoft SDKs\Windows\v7.0A\bin\mt.exe /nologo /verbose /outputresource:"C:\Users\mrDIMAS\Desktop\oglshooter\Release\oglshooter.exe;#1" /manifest Release\oglshooter.exe.intermediate.manifest
       FinalizeBuildStatus:
         Deleting file "Release\oglshooter.unsuccessfulbuild".
         Touching "Release\oglshooter.lastbuildstate".
     1>Done Building Project "C:\Users\mrDIMAS\Desktop\oglshooter\oglshooter.vcxproj" (build target(s)).

Build succeeded.

Time Elapsed 00:00:13.84
